{"C:\\Users\\Burak\\Documents\\Visual Studio 2015\\Projects\\meteoroloji-egitim-mean\\9-ci-test-cd\\app.js":{"path":"C:\\Users\\Burak\\Documents\\Visual Studio 2015\\Projects\\meteoroloji-egitim-mean\\9-ci-test-cd\\app.js","s":{"1":1,"2":1,"3":1,"4":1,"5":1,"6":1,"7":1,"8":1,"9":1,"10":1,"11":1,"12":1,"13":1,"14":1,"15":1,"16":1,"17":1,"18":1,"19":0,"20":1,"21":0,"22":1,"23":1,"24":1,"25":1,"26":1,"27":1,"28":1,"29":1,"30":1,"31":1,"32":1,"33":1,"34":1,"35":1,"36":1,"37":1,"38":1,"39":1,"40":0,"41":0,"42":0,"43":1,"44":1,"45":0,"46":0,"47":1,"48":0,"49":0,"50":1},"b":{"1":[1,0],"2":[0,0],"3":[0,0]},"f":{"1":0,"2":0,"3":0,"4":0,"5":0},"fnMap":{"1":{"name":"(anonymous_1)","line":27,"loc":{"start":{"line":27,"column":20},"end":{"line":27,"column":35}}},"2":{"name":"(anonymous_2)","line":28,"loc":{"start":{"line":28,"column":21},"end":{"line":28,"column":33}}},"3":{"name":"(anonymous_3)","line":61,"loc":{"start":{"line":61,"column":8},"end":{"line":61,"column":33}}},"4":{"name":"(anonymous_4)","line":72,"loc":{"start":{"line":72,"column":10},"end":{"line":72,"column":40}}},"5":{"name":"(anonymous_5)","line":83,"loc":{"start":{"line":83,"column":8},"end":{"line":83,"column":38}}}},"statementMap":{"1":{"start":{"line":1,"column":0},"end":{"line":1,"column":33}},"2":{"start":{"line":2,"column":0},"end":{"line":2,"column":27}},"3":{"start":{"line":3,"column":0},"end":{"line":3,"column":39}},"4":{"start":{"line":4,"column":0},"end":{"line":4,"column":31}},"5":{"start":{"line":5,"column":0},"end":{"line":5,"column":44}},"6":{"start":{"line":6,"column":0},"end":{"line":6,"column":40}},"7":{"start":{"line":9,"column":0},"end":{"line":9,"column":27}},"8":{"start":{"line":11,"column":0},"end":{"line":11,"column":41}},"9":{"start":{"line":12,"column":0},"end":{"line":12,"column":35}},"10":{"start":{"line":15,"column":0},"end":{"line":15,"column":39}},"11":{"start":{"line":16,"column":0},"end":{"line":16,"column":38}},"12":{"start":{"line":18,"column":0},"end":{"line":18,"column":42}},"13":{"start":{"line":19,"column":0},"end":{"line":19,"column":46}},"14":{"start":{"line":21,"column":0},"end":{"line":21,"column":35}},"15":{"start":{"line":22,"column":0},"end":{"line":22,"column":44}},"16":{"start":{"line":24,"column":0},"end":{"line":24,"column":36}},"17":{"start":{"line":26,"column":0},"end":{"line":26,"column":52}},"18":{"start":{"line":27,"column":0},"end":{"line":27,"column":66}},"19":{"start":{"line":27,"column":37},"end":{"line":27,"column":62}},"20":{"start":{"line":28,"column":0},"end":{"line":30,"column":3}},"21":{"start":{"line":29,"column":4},"end":{"line":29,"column":41}},"22":{"start":{"line":32,"column":0},"end":{"line":32,"column":20}},"23":{"start":{"line":35,"column":0},"end":{"line":35,"column":48}},"24":{"start":{"line":36,"column":0},"end":{"line":36,"column":31}},"25":{"start":{"line":40,"column":0},"end":{"line":40,"column":23}},"26":{"start":{"line":41,"column":0},"end":{"line":41,"column":51}},"27":{"start":{"line":42,"column":0},"end":{"line":42,"column":27}},"28":{"start":{"line":43,"column":0},"end":{"line":43,"column":52}},"29":{"start":{"line":44,"column":0},"end":{"line":44,"column":24}},"30":{"start":{"line":45,"column":0},"end":{"line":45,"column":56}},"31":{"start":{"line":48,"column":0},"end":{"line":48,"column":31}},"32":{"start":{"line":49,"column":0},"end":{"line":49,"column":28}},"33":{"start":{"line":51,"column":0},"end":{"line":51,"column":46}},"34":{"start":{"line":52,"column":0},"end":{"line":52,"column":23}},"35":{"start":{"line":55,"column":0},"end":{"line":55,"column":21}},"36":{"start":{"line":56,"column":0},"end":{"line":56,"column":25}},"37":{"start":{"line":57,"column":0},"end":{"line":57,"column":23}},"38":{"start":{"line":58,"column":0},"end":{"line":58,"column":29}},"39":{"start":{"line":61,"column":0},"end":{"line":65,"column":3}},"40":{"start":{"line":62,"column":2},"end":{"line":62,"column":35}},"41":{"start":{"line":63,"column":2},"end":{"line":63,"column":19}},"42":{"start":{"line":64,"column":2},"end":{"line":64,"column":12}},"43":{"start":{"line":71,"column":0},"end":{"line":79,"column":1}},"44":{"start":{"line":72,"column":2},"end":{"line":78,"column":5}},"45":{"start":{"line":73,"column":4},"end":{"line":73,"column":34}},"46":{"start":{"line":74,"column":4},"end":{"line":77,"column":7}},"47":{"start":{"line":83,"column":0},"end":{"line":89,"column":3}},"48":{"start":{"line":84,"column":2},"end":{"line":84,"column":32}},"49":{"start":{"line":85,"column":2},"end":{"line":88,"column":5}},"50":{"start":{"line":92,"column":0},"end":{"line":92,"column":21}}},"branchMap":{"1":{"line":71,"type":"if","locations":[{"start":{"line":71,"column":0},"end":{"line":71,"column":0}},{"start":{"line":71,"column":0},"end":{"line":71,"column":0}}]},"2":{"line":73,"type":"binary-expr","locations":[{"start":{"line":73,"column":15},"end":{"line":73,"column":25}},{"start":{"line":73,"column":29},"end":{"line":73,"column":32}}]},"3":{"line":84,"type":"binary-expr","locations":[{"start":{"line":84,"column":13},"end":{"line":84,"column":23}},{"start":{"line":84,"column":27},"end":{"line":84,"column":30}}]}}},"C:\\Users\\Burak\\Documents\\Visual Studio 2015\\Projects\\meteoroloji-egitim-mean\\9-ci-test-cd\\models\\models.js":{"path":"C:\\Users\\Burak\\Documents\\Visual Studio 2015\\Projects\\meteoroloji-egitim-mean\\9-ci-test-cd\\models\\models.js","s":{"1":1,"2":1,"3":1,"4":1,"5":1,"6":1,"7":1},"b":{},"f":{},"fnMap":{},"statementMap":{"1":{"start":{"line":1,"column":1},"end":{"line":1,"column":36}},"2":{"start":{"line":3,"column":0},"end":{"line":6,"column":3}},"3":{"start":{"line":8,"column":0},"end":{"line":12,"column":3}},"4":{"start":{"line":14,"column":0},"end":{"line":18,"column":3}},"5":{"start":{"line":20,"column":0},"end":{"line":20,"column":35}},"6":{"start":{"line":21,"column":0},"end":{"line":21,"column":41}},"7":{"start":{"line":22,"column":0},"end":{"line":22,"column":35}}},"branchMap":{}},"C:\\Users\\Burak\\Documents\\Visual Studio 2015\\Projects\\meteoroloji-egitim-mean\\9-ci-test-cd\\routes\\index.js":{"path":"C:\\Users\\Burak\\Documents\\Visual Studio 2015\\Projects\\meteoroloji-egitim-mean\\9-ci-test-cd\\routes\\index.js","s":{"1":1,"2":1,"3":1,"4":0,"5":1},"b":{},"f":{"1":0},"fnMap":{"1":{"name":"(anonymous_1)","line":5,"loc":{"start":{"line":5,"column":16},"end":{"line":5,"column":41}}}},"statementMap":{"1":{"start":{"line":1,"column":0},"end":{"line":1,"column":33}},"2":{"start":{"line":2,"column":0},"end":{"line":2,"column":30}},"3":{"start":{"line":5,"column":0},"end":{"line":7,"column":3}},"4":{"start":{"line":6,"column":2},"end":{"line":6,"column":44}},"5":{"start":{"line":9,"column":0},"end":{"line":9,"column":24}}},"branchMap":{}},"C:\\Users\\Burak\\Documents\\Visual Studio 2015\\Projects\\meteoroloji-egitim-mean\\9-ci-test-cd\\routes\\users.js":{"path":"C:\\Users\\Burak\\Documents\\Visual Studio 2015\\Projects\\meteoroloji-egitim-mean\\9-ci-test-cd\\routes\\users.js","s":{"1":1,"2":1,"3":1,"4":0,"5":1},"b":{},"f":{"1":0},"fnMap":{"1":{"name":"(anonymous_1)","line":5,"loc":{"start":{"line":5,"column":16},"end":{"line":5,"column":41}}}},"statementMap":{"1":{"start":{"line":1,"column":0},"end":{"line":1,"column":33}},"2":{"start":{"line":2,"column":0},"end":{"line":2,"column":30}},"3":{"start":{"line":5,"column":0},"end":{"line":7,"column":3}},"4":{"start":{"line":6,"column":2},"end":{"line":6,"column":38}},"5":{"start":{"line":9,"column":0},"end":{"line":9,"column":24}}},"branchMap":{}},"C:\\Users\\Burak\\Documents\\Visual Studio 2015\\Projects\\meteoroloji-egitim-mean\\9-ci-test-cd\\routes\\weather.js":{"path":"C:\\Users\\Burak\\Documents\\Visual Studio 2015\\Projects\\meteoroloji-egitim-mean\\9-ci-test-cd\\routes\\weather.js","s":{"1":1,"2":1,"3":1,"4":1,"5":1,"6":0,"7":0,"8":0,"9":0,"10":0,"11":0,"12":1,"13":1,"14":0,"15":0,"16":0,"17":0,"18":0,"19":0,"20":0,"21":0,"22":0,"23":0,"24":0,"25":0,"26":0,"27":0,"28":0,"29":1,"30":0,"31":0,"32":0,"33":0,"34":0,"35":0,"36":0,"37":0,"38":0,"39":0,"40":0,"41":0,"42":0,"43":0,"44":0,"45":0,"46":0,"47":0,"48":0,"49":0,"50":0,"51":1,"52":0,"53":0,"54":0,"55":0,"56":0,"57":1},"b":{"1":[0,0],"2":[0,0],"3":[0,0],"4":[0,0],"5":[0,0],"6":[0,0],"7":[0,0],"8":[0,0],"9":[0,0],"10":[0,0]},"f":{"1":0,"2":0,"3":0,"4":0,"5":0,"6":0,"7":0,"8":0,"9":0,"10":0,"11":0,"12":0,"13":0,"14":0,"15":0,"16":0,"17":0},"fnMap":{"1":{"name":"isAuthenticated","line":8,"loc":{"start":{"line":8,"column":0},"end":{"line":8,"column":41}}},"2":{"name":"(anonymous_2)","line":29,"loc":{"start":{"line":29,"column":10},"end":{"line":29,"column":30}}},"3":{"name":"(anonymous_3)","line":37,"loc":{"start":{"line":37,"column":21},"end":{"line":37,"column":45}}},"4":{"name":"(anonymous_4)","line":48,"loc":{"start":{"line":48,"column":9},"end":{"line":48,"column":29}}},"5":{"name":"(anonymous_5)","line":49,"loc":{"start":{"line":49,"column":21},"end":{"line":49,"column":46}}},"6":{"name":"(anonymous_6)","line":52,"loc":{"start":{"line":52,"column":57},"end":{"line":52,"column":82}}},"7":{"name":"(anonymous_7)","line":60,"loc":{"start":{"line":60,"column":9},"end":{"line":60,"column":29}}},"8":{"name":"(anonymous_8)","line":61,"loc":{"start":{"line":61,"column":40},"end":{"line":61,"column":64}}},"9":{"name":"(anonymous_9)","line":69,"loc":{"start":{"line":69,"column":25},"end":{"line":69,"column":49}}},"10":{"name":"(anonymous_10)","line":78,"loc":{"start":{"line":78,"column":9},"end":{"line":78,"column":29}}},"11":{"name":"(anonymous_11)","line":79,"loc":{"start":{"line":79,"column":40},"end":{"line":79,"column":64}}},"12":{"name":"(anonymous_12)","line":85,"loc":{"start":{"line":85,"column":12},"end":{"line":85,"column":32}}},"13":{"name":"(anonymous_13)","line":86,"loc":{"start":{"line":86,"column":40},"end":{"line":86,"column":64}}},"14":{"name":"(anonymous_14)","line":89,"loc":{"start":{"line":89,"column":27},"end":{"line":89,"column":42}}},"15":{"name":"(anonymous_15)","line":99,"loc":{"start":{"line":99,"column":9},"end":{"line":99,"column":29}}},"16":{"name":"(anonymous_16)","line":100,"loc":{"start":{"line":100,"column":76},"end":{"line":100,"column":101}}},"17":{"name":"(anonymous_17)","line":103,"loc":{"start":{"line":103,"column":57},"end":{"line":103,"column":82}}}},"statementMap":{"1":{"start":{"line":1,"column":1},"end":{"line":1,"column":36}},"2":{"start":{"line":2,"column":0},"end":{"line":2,"column":40}},"3":{"start":{"line":4,"column":0},"end":{"line":4,"column":33}},"4":{"start":{"line":5,"column":0},"end":{"line":5,"column":30}},"5":{"start":{"line":8,"column":0},"end":{"line":23,"column":1}},"6":{"start":{"line":11,"column":4},"end":{"line":13,"column":5}},"7":{"start":{"line":12,"column":8},"end":{"line":12,"column":22}},"8":{"start":{"line":15,"column":4},"end":{"line":15,"column":49}},"9":{"start":{"line":17,"column":4},"end":{"line":19,"column":5}},"10":{"start":{"line":18,"column":8},"end":{"line":18,"column":22}},"11":{"start":{"line":22,"column":4},"end":{"line":22,"column":41}},"12":{"start":{"line":26,"column":0},"end":{"line":26,"column":33}},"13":{"start":{"line":28,"column":0},"end":{"line":56,"column":7}},"14":{"start":{"line":32,"column":8},"end":{"line":32,"column":36}},"15":{"start":{"line":33,"column":8},"end":{"line":33,"column":51}},"16":{"start":{"line":34,"column":8},"end":{"line":34,"column":51}},"17":{"start":{"line":35,"column":8},"end":{"line":35,"column":37}},"18":{"start":{"line":37,"column":8},"end":{"line":44,"column":11}},"19":{"start":{"line":38,"column":12},"end":{"line":41,"column":13}},"20":{"start":{"line":39,"column":16},"end":{"line":39,"column":57}},"21":{"start":{"line":40,"column":16},"end":{"line":40,"column":42}},"22":{"start":{"line":42,"column":12},"end":{"line":42,"column":55}},"23":{"start":{"line":43,"column":12},"end":{"line":43,"column":37}},"24":{"start":{"line":49,"column":8},"end":{"line":55,"column":11}},"25":{"start":{"line":50,"column":12},"end":{"line":51,"column":42}},"26":{"start":{"line":51,"column":16},"end":{"line":51,"column":42}},"27":{"start":{"line":52,"column":12},"end":{"line":54,"column":15}},"28":{"start":{"line":53,"column":16},"end":{"line":53,"column":42}},"29":{"start":{"line":59,"column":0},"end":{"line":96,"column":5}},"30":{"start":{"line":61,"column":8},"end":{"line":76,"column":11}},"31":{"start":{"line":62,"column":12},"end":{"line":63,"column":37}},"32":{"start":{"line":63,"column":16},"end":{"line":63,"column":37}},"33":{"start":{"line":65,"column":12},"end":{"line":65,"column":55}},"34":{"start":{"line":66,"column":12},"end":{"line":66,"column":55}},"35":{"start":{"line":67,"column":12},"end":{"line":67,"column":41}},"36":{"start":{"line":69,"column":12},"end":{"line":74,"column":15}},"37":{"start":{"line":70,"column":16},"end":{"line":71,"column":34}},"38":{"start":{"line":71,"column":20},"end":{"line":71,"column":34}},"39":{"start":{"line":73,"column":16},"end":{"line":73,"column":41}},"40":{"start":{"line":79,"column":8},"end":{"line":83,"column":11}},"41":{"start":{"line":80,"column":12},"end":{"line":81,"column":37}},"42":{"start":{"line":81,"column":16},"end":{"line":81,"column":37}},"43":{"start":{"line":82,"column":12},"end":{"line":82,"column":37}},"44":{"start":{"line":86,"column":8},"end":{"line":94,"column":11}},"45":{"start":{"line":87,"column":12},"end":{"line":88,"column":37}},"46":{"start":{"line":88,"column":16},"end":{"line":88,"column":37}},"47":{"start":{"line":89,"column":12},"end":{"line":93,"column":15}},"48":{"start":{"line":90,"column":16},"end":{"line":91,"column":41}},"49":{"start":{"line":91,"column":20},"end":{"line":91,"column":41}},"50":{"start":{"line":92,"column":16},"end":{"line":92,"column":44}},"51":{"start":{"line":98,"column":0},"end":{"line":107,"column":6}},"52":{"start":{"line":100,"column":8},"end":{"line":106,"column":11}},"53":{"start":{"line":101,"column":12},"end":{"line":102,"column":37}},"54":{"start":{"line":102,"column":16},"end":{"line":102,"column":37}},"55":{"start":{"line":103,"column":12},"end":{"line":105,"column":15}},"56":{"start":{"line":104,"column":16},"end":{"line":104,"column":42}},"57":{"start":{"line":110,"column":0},"end":{"line":110,"column":24}}},"branchMap":{"1":{"line":11,"type":"if","locations":[{"start":{"line":11,"column":4},"end":{"line":11,"column":4}},{"start":{"line":11,"column":4},"end":{"line":11,"column":4}}]},"2":{"line":17,"type":"if","locations":[{"start":{"line":17,"column":4},"end":{"line":17,"column":4}},{"start":{"line":17,"column":4},"end":{"line":17,"column":4}}]},"3":{"line":38,"type":"if","locations":[{"start":{"line":38,"column":12},"end":{"line":38,"column":12}},{"start":{"line":38,"column":12},"end":{"line":38,"column":12}}]},"4":{"line":50,"type":"if","locations":[{"start":{"line":50,"column":12},"end":{"line":50,"column":12}},{"start":{"line":50,"column":12},"end":{"line":50,"column":12}}]},"5":{"line":62,"type":"if","locations":[{"start":{"line":62,"column":12},"end":{"line":62,"column":12}},{"start":{"line":62,"column":12},"end":{"line":62,"column":12}}]},"6":{"line":70,"type":"if","locations":[{"start":{"line":70,"column":16},"end":{"line":70,"column":16}},{"start":{"line":70,"column":16},"end":{"line":70,"column":16}}]},"7":{"line":80,"type":"if","locations":[{"start":{"line":80,"column":12},"end":{"line":80,"column":12}},{"start":{"line":80,"column":12},"end":{"line":80,"column":12}}]},"8":{"line":87,"type":"if","locations":[{"start":{"line":87,"column":12},"end":{"line":87,"column":12}},{"start":{"line":87,"column":12},"end":{"line":87,"column":12}}]},"9":{"line":90,"type":"if","locations":[{"start":{"line":90,"column":16},"end":{"line":90,"column":16}},{"start":{"line":90,"column":16},"end":{"line":90,"column":16}}]},"10":{"line":101,"type":"if","locations":[{"start":{"line":101,"column":12},"end":{"line":101,"column":12}},{"start":{"line":101,"column":12},"end":{"line":101,"column":12}}]}}},"C:\\Users\\Burak\\Documents\\Visual Studio 2015\\Projects\\meteoroloji-egitim-mean\\9-ci-test-cd\\routes\\auth.js":{"path":"C:\\Users\\Burak\\Documents\\Visual Studio 2015\\Projects\\meteoroloji-egitim-mean\\9-ci-test-cd\\routes\\auth.js","s":{"1":1,"2":1,"3":1,"4":1,"5":1,"6":0,"7":1,"8":0,"9":1,"10":1,"11":1,"12":0,"13":0,"14":1},"b":{"1":[0,0]},"f":{"1":1,"2":0,"3":0,"4":0},"fnMap":{"1":{"name":"(anonymous_1)","line":6,"loc":{"start":{"line":6,"column":17},"end":{"line":6,"column":37}}},"2":{"name":"(anonymous_2)","line":7,"loc":{"start":{"line":7,"column":27},"end":{"line":7,"column":47}}},"3":{"name":"(anonymous_3)","line":11,"loc":{"start":{"line":11,"column":27},"end":{"line":11,"column":47}}},"4":{"name":"(anonymous_4)","line":25,"loc":{"start":{"line":25,"column":27},"end":{"line":25,"column":47}}}},"statementMap":{"1":{"start":{"line":1,"column":1},"end":{"line":1,"column":34}},"2":{"start":{"line":2,"column":0},"end":{"line":2,"column":30}},"3":{"start":{"line":4,"column":0},"end":{"line":4,"column":44}},"4":{"start":{"line":6,"column":0},"end":{"line":36,"column":1}},"5":{"start":{"line":7,"column":4},"end":{"line":9,"column":7}},"6":{"start":{"line":8,"column":8},"end":{"line":8,"column":73}},"7":{"start":{"line":11,"column":4},"end":{"line":13,"column":7}},"8":{"start":{"line":12,"column":8},"end":{"line":12,"column":92}},"9":{"start":{"line":15,"column":4},"end":{"line":18,"column":8}},"10":{"start":{"line":20,"column":4},"end":{"line":23,"column":8}},"11":{"start":{"line":25,"column":4},"end":{"line":28,"column":7}},"12":{"start":{"line":26,"column":8},"end":{"line":26,"column":21}},"13":{"start":{"line":27,"column":8},"end":{"line":27,"column":26}},"14":{"start":{"line":35,"column":4},"end":{"line":35,"column":18}}},"branchMap":{"1":{"line":8,"type":"cond-expr","locations":[{"start":{"line":8,"column":54},"end":{"line":8,"column":62}},{"start":{"line":8,"column":65},"end":{"line":8,"column":69}}]}}},"C:\\Users\\Burak\\Documents\\Visual Studio 2015\\Projects\\meteoroloji-egitim-mean\\9-ci-test-cd\\passport-init.js":{"path":"C:\\Users\\Burak\\Documents\\Visual Studio 2015\\Projects\\meteoroloji-egitim-mean\\9-ci-test-cd\\passport-init.js","s":{"1":1,"2":1,"3":1,"4":1,"5":1,"6":1,"7":0,"8":1,"9":0,"10":0,"11":1,"12":0,"13":0,"14":0,"15":0,"16":0,"17":0,"18":0,"19":0,"20":0,"21":0,"22":0,"23":0,"24":1,"25":0,"26":0,"27":0,"28":0,"29":0,"30":0,"31":0,"32":0,"33":0,"34":0,"35":0,"36":0,"37":0,"38":0,"39":0,"40":0,"41":1,"42":0,"43":1,"44":0},"b":{"1":[0,0],"2":[0,0],"3":[0,0],"4":[0,0],"5":[0,0],"6":[0,0]},"f":{"1":1,"2":0,"3":0,"4":0,"5":0,"6":0,"7":0,"8":0,"9":0,"10":0,"11":0},"fnMap":{"1":{"name":"(anonymous_1)","line":7,"loc":{"start":{"line":7,"column":17},"end":{"line":7,"column":37}}},"2":{"name":"(anonymous_2)","line":10,"loc":{"start":{"line":10,"column":27},"end":{"line":10,"column":49}}},"3":{"name":"(anonymous_3)","line":14,"loc":{"start":{"line":14,"column":29},"end":{"line":14,"column":49}}},"4":{"name":"(anonymous_4)","line":16,"loc":{"start":{"line":16,"column":26},"end":{"line":16,"column":47}}},"5":{"name":"(anonymous_5)","line":24,"loc":{"start":{"line":24,"column":8},"end":{"line":24,"column":49}}},"6":{"name":"(anonymous_6)","line":26,"loc":{"start":{"line":26,"column":16},"end":{"line":26,"column":37}}},"7":{"name":"(anonymous_7)","line":51,"loc":{"start":{"line":51,"column":8},"end":{"line":51,"column":49}}},"8":{"name":"(anonymous_8)","line":53,"loc":{"start":{"line":53,"column":16},"end":{"line":53,"column":37}}},"9":{"name":"(anonymous_9)","line":67,"loc":{"start":{"line":67,"column":37},"end":{"line":67,"column":52}}},"10":{"name":"(anonymous_10)","line":84,"loc":{"start":{"line":84,"column":26},"end":{"line":84,"column":52}}},"11":{"name":"(anonymous_11)","line":88,"loc":{"start":{"line":88,"column":21},"end":{"line":88,"column":41}}}},"statementMap":{"1":{"start":{"line":1,"column":1},"end":{"line":1,"column":36}},"2":{"start":{"line":2,"column":0},"end":{"line":2,"column":34}},"3":{"start":{"line":4,"column":0},"end":{"line":4,"column":55}},"4":{"start":{"line":5,"column":0},"end":{"line":5,"column":38}},"5":{"start":{"line":7,"column":0},"end":{"line":92,"column":2}},"6":{"start":{"line":10,"column":4},"end":{"line":12,"column":7}},"7":{"start":{"line":11,"column":8},"end":{"line":11,"column":36}},"8":{"start":{"line":14,"column":4},"end":{"line":19,"column":7}},"9":{"start":{"line":16,"column":8},"end":{"line":18,"column":11}},"10":{"start":{"line":17,"column":12},"end":{"line":17,"column":35}},"11":{"start":{"line":21,"column":4},"end":{"line":46,"column":7}},"12":{"start":{"line":25,"column":12},"end":{"line":44,"column":14}},"13":{"start":{"line":27,"column":20},"end":{"line":30,"column":21}},"14":{"start":{"line":28,"column":24},"end":{"line":28,"column":59}},"15":{"start":{"line":29,"column":24},"end":{"line":29,"column":41}},"16":{"start":{"line":32,"column":20},"end":{"line":35,"column":21}},"17":{"start":{"line":33,"column":24},"end":{"line":33,"column":61}},"18":{"start":{"line":34,"column":24},"end":{"line":34,"column":49}},"19":{"start":{"line":36,"column":20},"end":{"line":39,"column":21}},"20":{"start":{"line":37,"column":24},"end":{"line":37,"column":64}},"21":{"start":{"line":38,"column":24},"end":{"line":38,"column":49}},"22":{"start":{"line":41,"column":20},"end":{"line":41,"column":130}},"23":{"start":{"line":42,"column":20},"end":{"line":42,"column":44}},"24":{"start":{"line":48,"column":4},"end":{"line":82,"column":6}},"25":{"start":{"line":52,"column":12},"end":{"line":80,"column":14}},"26":{"start":{"line":54,"column":20},"end":{"line":57,"column":21}},"27":{"start":{"line":55,"column":24},"end":{"line":55,"column":60}},"28":{"start":{"line":56,"column":24},"end":{"line":56,"column":41}},"29":{"start":{"line":58,"column":20},"end":{"line":77,"column":21}},"30":{"start":{"line":59,"column":24},"end":{"line":59,"column":81}},"31":{"start":{"line":60,"column":24},"end":{"line":60,"column":49}},"32":{"start":{"line":63,"column":24},"end":{"line":63,"column":49}},"33":{"start":{"line":64,"column":24},"end":{"line":64,"column":52}},"34":{"start":{"line":65,"column":24},"end":{"line":65,"column":64}},"35":{"start":{"line":67,"column":24},"end":{"line":75,"column":27}},"36":{"start":{"line":68,"column":28},"end":{"line":71,"column":29}},"37":{"start":{"line":69,"column":32},"end":{"line":69,"column":84}},"38":{"start":{"line":70,"column":32},"end":{"line":70,"column":42}},"39":{"start":{"line":73,"column":28},"end":{"line":73,"column":88}},"40":{"start":{"line":74,"column":28},"end":{"line":74,"column":55}},"41":{"start":{"line":84,"column":4},"end":{"line":86,"column":6}},"42":{"start":{"line":85,"column":8},"end":{"line":85,"column":59}},"43":{"start":{"line":88,"column":4},"end":{"line":90,"column":6}},"44":{"start":{"line":89,"column":8},"end":{"line":89,"column":71}}},"branchMap":{"1":{"line":27,"type":"if","locations":[{"start":{"line":27,"column":20},"end":{"line":27,"column":20}},{"start":{"line":27,"column":20},"end":{"line":27,"column":20}}]},"2":{"line":32,"type":"if","locations":[{"start":{"line":32,"column":20},"end":{"line":32,"column":20}},{"start":{"line":32,"column":20},"end":{"line":32,"column":20}}]},"3":{"line":36,"type":"if","locations":[{"start":{"line":36,"column":20},"end":{"line":36,"column":20}},{"start":{"line":36,"column":20},"end":{"line":36,"column":20}}]},"4":{"line":54,"type":"if","locations":[{"start":{"line":54,"column":20},"end":{"line":54,"column":20}},{"start":{"line":54,"column":20},"end":{"line":54,"column":20}}]},"5":{"line":58,"type":"if","locations":[{"start":{"line":58,"column":20},"end":{"line":58,"column":20}},{"start":{"line":58,"column":20},"end":{"line":58,"column":20}}]},"6":{"line":68,"type":"if","locations":[{"start":{"line":68,"column":28},"end":{"line":68,"column":28}},{"start":{"line":68,"column":28},"end":{"line":68,"column":28}}]}}}}